<?xml version="1.0" encoding="UTF-8" ?>
<testsuites>
  <testsuite errors="0" failures="0" id="0" name="MapTests" package="tests.factorylabs.orange.core.collections" skipped="2" tests="15" time="0.0">
      <testcase classname="tests.factorylabs.orange.core.collections::MapTests" name="values" status="success" time="0.000" />

      <testcase classname="tests.factorylabs.orange.core.collections::MapTests" name="find" status="ignore" time="0.000">
          <skipped />

      </testcase>

      <testcase classname="tests.factorylabs.orange.core.collections::MapTests" name="dispose" status="success" time="0.000" />

      <testcase classname="tests.factorylabs.orange.core.collections::MapTests" name="get" status="success" time="0.000" />

      <testcase classname="tests.factorylabs.orange.core.collections::MapTests" name="remove" status="success" time="0.000" />

      <testcase classname="tests.factorylabs.orange.core.collections::MapTests" name="clear" status="success" time="0.000" />

      <testcase classname="tests.factorylabs.orange.core.collections::MapTests" name="add" status="success" time="0.000" />

      <testcase classname="tests.factorylabs.orange.core.collections::MapTests" name="each" status="ignore" time="0.000">
          <skipped />

      </testcase>

      <testcase classname="tests.factorylabs.orange.core.collections::MapTests" name="iterator" status="success" time="0.000" />

      <testcase classname="tests.factorylabs.orange.core.collections::MapTests" name="keys" status="success" time="0.000" />

      <testcase classname="tests.factorylabs.orange.core.collections::MapTests" name="hasKey" status="success" time="0.000" />

      <testcase classname="tests.factorylabs.orange.core.collections::MapTests" name="hasValue" status="success" time="0.000" />

      <testcase classname="tests.factorylabs.orange.core.collections::MapTests" name="clone" status="success" time="0.000" />

      <testcase classname="tests.factorylabs.orange.core.collections::MapTests" name="extend" status="success" time="0.000" />

      <testcase classname="tests.factorylabs.orange.core.collections::MapTests" name="length" status="success" time="0.000" />

  </testsuite>
  <testsuite errors="0" failures="0" id="1" name="JanitorManagerTests" package="tests.factorylabs.orange.core.gc" skipped="0" tests="4" time="0.0">
      <testcase classname="tests.factorylabs.orange.core.gc::JanitorManagerTests" name="cleanUp" status="success" time="0.000" />

      <testcase classname="tests.factorylabs.orange.core.gc::JanitorManagerTests" name="addJanitor" status="success" time="0.000" />

      <testcase classname="tests.factorylabs.orange.core.gc::JanitorManagerTests" name="removeJanitor" status="success" time="0.000" />

      <testcase classname="tests.factorylabs.orange.core.gc::JanitorManagerTests" name="cleanUpJanitor" status="success" time="0.000" />

  </testsuite>
  <testsuite errors="0" failures="0" id="2" name="JanitorSoundChannelTests" package="tests.factorylabs.orange.core.gc" skipped="0" tests="3" time="0.0">
      <testcase classname="tests.factorylabs.orange.core.gc::JanitorSoundChannelTests" name="cleanUpSoundChannels" status="success" time="0.000" />

      <testcase classname="tests.factorylabs.orange.core.gc::JanitorSoundChannelTests" name="removeSoundChannel" status="success" time="0.000" />

      <testcase classname="tests.factorylabs.orange.core.gc::JanitorSoundChannelTests" name="addSoundChannel" status="success" time="0.000" />

  </testsuite>
  <testsuite errors="0" failures="0" id="3" name="JanitorTests" package="tests.factorylabs.orange.core.gc" skipped="0" tests="17" time="0.0">
      <testcase classname="tests.factorylabs.orange.core.gc::JanitorTests" name="addEventListener" status="success" time="0.000" />

      <testcase classname="tests.factorylabs.orange.core.gc::JanitorTests" name="cleanUpTimers" status="success" time="0.000" />

      <testcase classname="tests.factorylabs.orange.core.gc::JanitorTests" name="cleanUpDisposable" status="success" time="0.000" />

      <testcase classname="tests.factorylabs.orange.core.gc::JanitorTests" name="cleanUpEventListeners" status="success" time="0.000" />

      <testcase classname="tests.factorylabs.orange.core.gc::JanitorTests" name="removeTimer" status="success" time="0.000" />

      <testcase classname="tests.factorylabs.orange.core.gc::JanitorTests" name="removeConnection" status="success" time="0.000" />

      <testcase classname="tests.factorylabs.orange.core.gc::JanitorTests" name="addTimer" status="success" time="0.000" />

      <testcase classname="tests.factorylabs.orange.core.gc::JanitorTests" name="cleanUpDisposables" status="success" time="0.000" />

      <testcase classname="tests.factorylabs.orange.core.gc::JanitorTests" name="recurseCleanChildren" status="success" time="0.000" />

      <testcase classname="tests.factorylabs.orange.core.gc::JanitorTests" name="removeEventListener" status="success" time="0.000" />

      <testcase classname="tests.factorylabs.orange.core.gc::JanitorTests" name="addDisposables" status="success" time="0.000" />

      <testcase classname="tests.factorylabs.orange.core.gc::JanitorTests" name="cleanUpConnections" status="success" time="0.000" />

      <testcase classname="tests.factorylabs.orange.core.gc::JanitorTests" name="removeDisposable" status="success" time="0.000" />

      <testcase classname="tests.factorylabs.orange.core.gc::JanitorTests" name="addConnection" status="success" time="0.000" />

      <testcase classname="tests.factorylabs.orange.core.gc::JanitorTests" name="cleanUpTimer" status="success" time="0.000" />

      <testcase classname="tests.factorylabs.orange.core.gc::JanitorTests" name="cleanUpChildren" status="success" time="0.000" />

      <testcase classname="tests.factorylabs.orange.core.gc::JanitorTests" name="addDisposable" status="success" time="0.000" />

  </testsuite>
  <testsuite errors="0" failures="0" id="4" name="WeakReferenceTests" package="tests.factorylabs.orange.core.gc" skipped="0" tests="1" time="0.0">
      <testcase classname="tests.factorylabs.orange.core.gc::WeakReferenceTests" name="get" status="success" time="0.000" />

  </testsuite>
  <testsuite errors="0" failures="0" id="5" name="LoggerEventTests" package="tests.factorylabs.orange.core.logging" skipped="0" tests="5" time="0.0">
      <testcase classname="tests.factorylabs.orange.core.logging::LoggerEventTests" name="name" status="success" time="0.000" />

      <testcase classname="tests.factorylabs.orange.core.logging::LoggerEventTests" name="message" status="success" time="0.000" />

      <testcase classname="tests.factorylabs.orange.core.logging::LoggerEventTests" name="object" status="success" time="0.000" />

      <testcase classname="tests.factorylabs.orange.core.logging::LoggerEventTests" name="level" status="success" time="0.000" />

      <testcase classname="tests.factorylabs.orange.core.logging::LoggerEventTests" name="clone" status="success" time="0.000" />

  </testsuite>
  <testsuite errors="0" failures="0" id="6" name="LoggerTests" package="tests.factorylabs.orange.core.logging" skipped="0" tests="10" time="0.0">
      <testcase classname="tests.factorylabs.orange.core.logging::LoggerTests" name="name" status="success" time="0.000" />

      <testcase classname="tests.factorylabs.orange.core.logging::LoggerTests" name="isSilent" status="success" time="0.000" />

      <testcase classname="tests.factorylabs.orange.core.logging::LoggerTests" name="log" status="success" time="0.000" />

      <testcase classname="tests.factorylabs.orange.core.logging::LoggerTests" name="trace" status="success" time="0.000" />

      <testcase classname="tests.factorylabs.orange.core.logging::LoggerTests" name="error" status="success" time="0.000" />

      <testcase classname="tests.factorylabs.orange.core.logging::LoggerTests" name="warn" status="success" time="0.000" />

      <testcase classname="tests.factorylabs.orange.core.logging::LoggerTests" name="core" status="success" time="0.000" />

      <testcase classname="tests.factorylabs.orange.core.logging::LoggerTests" name="debug" status="success" time="0.000" />

      <testcase classname="tests.factorylabs.orange.core.logging::LoggerTests" name="info" status="success" time="0.000" />

      <testcase classname="tests.factorylabs.orange.core.logging::LoggerTests" name="fatal" status="success" time="0.000" />

  </testsuite>
  <testsuite errors="0" failures="0" id="7" name="UtilsTestSuite" package="tests.factorylabs.orange.core.utils" skipped="1" tests="1" time="0.0">
      <testcase classname="tests.factorylabs.orange.core.utils::UtilsTestSuite" name="null" status="ignore" time="0.000">
          <skipped />

      </testcase>

  </testsuite>
</testsuites>
