<?xml version="1.0" encoding="UTF-8" ?>
<testsuites>
  <testsuite errors="0" failures="0" id="0" name="MapTests" package="tests.factorylabs.orange.core.collections" skipped="2" tests="15" time="0.0">
      <testcase classname="tests.factorylabs.orange.core.collections::MapTests" name="hasValue" status="success" time="0.000" />

      <testcase classname="tests.factorylabs.orange.core.collections::MapTests" name="clear" status="success" time="0.000" />

      <testcase classname="tests.factorylabs.orange.core.collections::MapTests" name="get" status="success" time="0.000" />

      <testcase classname="tests.factorylabs.orange.core.collections::MapTests" name="hasKey" status="success" time="0.000" />

      <testcase classname="tests.factorylabs.orange.core.collections::MapTests" name="dispose" status="success" time="0.000" />

      <testcase classname="tests.factorylabs.orange.core.collections::MapTests" name="keys" status="success" time="0.000" />

      <testcase classname="tests.factorylabs.orange.core.collections::MapTests" name="add" status="success" time="0.000" />

      <testcase classname="tests.factorylabs.orange.core.collections::MapTests" name="values" status="success" time="0.000" />

      <testcase classname="tests.factorylabs.orange.core.collections::MapTests" name="remove" status="success" time="0.000" />

      <testcase classname="tests.factorylabs.orange.core.collections::MapTests" name="find" status="ignore" time="0.000">
          <skipped />

      </testcase>

      <testcase classname="tests.factorylabs.orange.core.collections::MapTests" name="clone" status="success" time="0.000" />

      <testcase classname="tests.factorylabs.orange.core.collections::MapTests" name="each" status="ignore" time="0.000">
          <skipped />

      </testcase>

      <testcase classname="tests.factorylabs.orange.core.collections::MapTests" name="length" status="success" time="0.000" />

      <testcase classname="tests.factorylabs.orange.core.collections::MapTests" name="extend" status="success" time="0.000" />

      <testcase classname="tests.factorylabs.orange.core.collections::MapTests" name="iterator" status="success" time="0.000" />

  </testsuite>
  <testsuite errors="0" failures="0" id="1" name="FBitmapTests" package="tests.factorylabs.orange.core.display" skipped="0" tests="4" time="0.0">
      <testcase classname="tests.factorylabs.orange.core.display::FBitmapTests" name="setPropertiesExpectsError" status="success" time="0.000" />

      <testcase classname="tests.factorylabs.orange.core.display::FBitmapTests" name="constructor" status="success" time="0.000" />

      <testcase classname="tests.factorylabs.orange.core.display::FBitmapTests" name="remove" status="success" time="0.000" />

      <testcase classname="tests.factorylabs.orange.core.display::FBitmapTests" name="setProperties" status="success" time="0.000" />

  </testsuite>
  <testsuite errors="0" failures="0" id="2" name="FBitmapTextTests" package="tests.factorylabs.orange.core.display" skipped="0" tests="2" time="0.0">
      <testcase classname="tests.factorylabs.orange.core.display::FBitmapTextTests" name="constructor" status="success" time="0.000" />

      <testcase classname="tests.factorylabs.orange.core.display::FBitmapTextTests" name="fBitmap" status="success" time="0.000" />

  </testsuite>
  <testsuite errors="0" failures="0" id="3" name="FDisplayObjectPropertiesTests" package="tests.factorylabs.orange.core.display" skipped="0" tests="18" time="0.0">
      <testcase classname="tests.factorylabs.orange.core.display::FDisplayObjectPropertiesTests" name="bounds" status="success" time="0.000" />

      <testcase classname="tests.factorylabs.orange.core.display::FDisplayObjectPropertiesTests" name="center" status="success" time="0.000" />

      <testcase classname="tests.factorylabs.orange.core.display::FDisplayObjectPropertiesTests" name="right" status="success" time="0.000" />

      <testcase classname="tests.factorylabs.orange.core.display::FDisplayObjectPropertiesTests" name="offset" status="success" time="0.000" />

      <testcase classname="tests.factorylabs.orange.core.display::FDisplayObjectPropertiesTests" name="bottom" status="success" time="0.000" />

      <testcase classname="tests.factorylabs.orange.core.display::FDisplayObjectPropertiesTests" name="top" status="success" time="0.000" />

      <testcase classname="tests.factorylabs.orange.core.display::FDisplayObjectPropertiesTests" name="globalY" status="success" time="0.000" />

      <testcase classname="tests.factorylabs.orange.core.display::FDisplayObjectPropertiesTests" name="constructor" status="success" time="0.000" />

      <testcase classname="tests.factorylabs.orange.core.display::FDisplayObjectPropertiesTests" name="y" status="success" time="0.000" />

      <testcase classname="tests.factorylabs.orange.core.display::FDisplayObjectPropertiesTests" name="x" status="success" time="0.000" />

      <testcase classname="tests.factorylabs.orange.core.display::FDisplayObjectPropertiesTests" name="left" status="success" time="0.000" />

      <testcase classname="tests.factorylabs.orange.core.display::FDisplayObjectPropertiesTests" name="coordinates" status="success" time="0.000" />

      <testcase classname="tests.factorylabs.orange.core.display::FDisplayObjectPropertiesTests" name="globalCoordinates" status="success" time="0.000" />

      <testcase classname="tests.factorylabs.orange.core.display::FDisplayObjectPropertiesTests" name="verticalCenter" status="success" time="0.000" />

      <testcase classname="tests.factorylabs.orange.core.display::FDisplayObjectPropertiesTests" name="horizontalCenter" status="success" time="0.000" />

      <testcase classname="tests.factorylabs.orange.core.display::FDisplayObjectPropertiesTests" name="displayObject" status="success" time="0.000" />

      <testcase classname="tests.factorylabs.orange.core.display::FDisplayObjectPropertiesTests" name="width" status="success" time="0.000" />

      <testcase classname="tests.factorylabs.orange.core.display::FDisplayObjectPropertiesTests" name="globalX" status="success" time="0.000" />

  </testsuite>
  <testsuite errors="0" failures="0" id="4" name="FMovieClipTests" package="tests.factorylabs.orange.core.display" skipped="0" tests="4" time="0.0">
      <testcase classname="tests.factorylabs.orange.core.display::FMovieClipTests" name="setProperties" status="success" time="0.000" />

      <testcase classname="tests.factorylabs.orange.core.display::FMovieClipTests" name="setPropertiesExpectsError" status="success" time="0.000" />

      <testcase classname="tests.factorylabs.orange.core.display::FMovieClipTests" name="remove" status="success" time="0.000" />

      <testcase classname="tests.factorylabs.orange.core.display::FMovieClipTests" name="constructor" status="success" time="0.000" />

  </testsuite>
  <testsuite errors="0" failures="0" id="5" name="FShapeTests" package="tests.factorylabs.orange.core.display" skipped="0" tests="4" time="0.0">
      <testcase classname="tests.factorylabs.orange.core.display::FShapeTests" name="setProperties" status="success" time="0.000" />

      <testcase classname="tests.factorylabs.orange.core.display::FShapeTests" name="setPropertiesExpectsError" status="success" time="0.000" />

      <testcase classname="tests.factorylabs.orange.core.display::FShapeTests" name="remove" status="success" time="0.000" />

      <testcase classname="tests.factorylabs.orange.core.display::FShapeTests" name="constructor" status="success" time="0.000" />

  </testsuite>
  <testsuite errors="0" failures="0" id="6" name="FSpriteTests" package="tests.factorylabs.orange.core.display" skipped="0" tests="4" time="0.0">
      <testcase classname="tests.factorylabs.orange.core.display::FSpriteTests" name="setProperties" status="success" time="0.000" />

      <testcase classname="tests.factorylabs.orange.core.display::FSpriteTests" name="setPropertiesExpectsError" status="success" time="0.000" />

      <testcase classname="tests.factorylabs.orange.core.display::FSpriteTests" name="remove" status="success" time="0.000" />

      <testcase classname="tests.factorylabs.orange.core.display::FSpriteTests" name="constructor" status="success" time="0.000" />

  </testsuite>
  <testsuite errors="0" failures="0" id="7" name="FTextFieldTests" package="tests.factorylabs.orange.core.display" skipped="0" tests="5" time="0.0">
      <testcase classname="tests.factorylabs.orange.core.display::FTextFieldTests" name="setPropertiesExpectsError" status="success" time="0.000" />

      <testcase classname="tests.factorylabs.orange.core.display::FTextFieldTests" name="multiline" status="success" time="0.000" />

      <testcase classname="tests.factorylabs.orange.core.display::FTextFieldTests" name="remove" status="success" time="0.000" />

      <testcase classname="tests.factorylabs.orange.core.display::FTextFieldTests" name="constructor" status="success" time="0.000" />

      <testcase classname="tests.factorylabs.orange.core.display::FTextFieldTests" name="setProperties" status="success" time="0.000" />

  </testsuite>
  <testsuite errors="0" failures="0" id="8" name="SolidFillTests" package="tests.factorylabs.orange.core.display.fills" skipped="0" tests="3" time="0.0">
      <testcase classname="tests.factorylabs.orange.core.display.fills::SolidFillTests" name="constructor" status="success" time="0.000" />

      <testcase classname="tests.factorylabs.orange.core.display.fills::SolidFillTests" name="alpha" status="success" time="0.000" />

      <testcase classname="tests.factorylabs.orange.core.display.fills::SolidFillTests" name="color" status="success" time="0.000" />

  </testsuite>
  <testsuite errors="0" failures="0" id="9" name="SolidStrokeTests" package="tests.factorylabs.orange.core.display.fills" skipped="0" tests="9" time="0.0">
      <testcase classname="tests.factorylabs.orange.core.display.fills::SolidStrokeTests" name="pixelHinting" status="success" time="0.000" />

      <testcase classname="tests.factorylabs.orange.core.display.fills::SolidStrokeTests" name="alpha" status="success" time="0.000" />

      <testcase classname="tests.factorylabs.orange.core.display.fills::SolidStrokeTests" name="miterLimit" status="success" time="0.000" />

      <testcase classname="tests.factorylabs.orange.core.display.fills::SolidStrokeTests" name="color" status="success" time="0.000" />

      <testcase classname="tests.factorylabs.orange.core.display.fills::SolidStrokeTests" name="caps" status="success" time="0.000" />

      <testcase classname="tests.factorylabs.orange.core.display.fills::SolidStrokeTests" name="constructor" status="success" time="0.000" />

      <testcase classname="tests.factorylabs.orange.core.display.fills::SolidStrokeTests" name="joints" status="success" time="0.000" />

      <testcase classname="tests.factorylabs.orange.core.display.fills::SolidStrokeTests" name="scaleMode" status="success" time="0.000" />

      <testcase classname="tests.factorylabs.orange.core.display.fills::SolidStrokeTests" name="thickness" status="success" time="0.000" />

  </testsuite>
  <testsuite errors="0" failures="0" id="10" name="FCircleTests" package="tests.factorylabs.orange.core.display.graphics" skipped="0" tests="10" time="0.0">
      <testcase classname="tests.factorylabs.orange.core.display.graphics::FCircleTests" name="y" status="success" time="0.000" />

      <testcase classname="tests.factorylabs.orange.core.display.graphics::FCircleTests" name="width" status="success" time="0.000" />

      <testcase classname="tests.factorylabs.orange.core.display.graphics::FCircleTests" name="fill" status="success" time="0.000" />

      <testcase classname="tests.factorylabs.orange.core.display.graphics::FCircleTests" name="x" status="success" time="0.000" />

      <testcase classname="tests.factorylabs.orange.core.display.graphics::FCircleTests" name="height" status="success" time="0.000" />

      <testcase classname="tests.factorylabs.orange.core.display.graphics::FCircleTests" name="autoRedraw" status="success" time="0.000" />

      <testcase classname="tests.factorylabs.orange.core.display.graphics::FCircleTests" name="center" status="success" time="0.000" />

      <testcase classname="tests.factorylabs.orange.core.display.graphics::FCircleTests" name="redraw" status="success" time="0.000" />

      <testcase classname="tests.factorylabs.orange.core.display.graphics::FCircleTests" name="gfx" status="success" time="0.000" />

      <testcase classname="tests.factorylabs.orange.core.display.graphics::FCircleTests" name="size" status="success" time="0.000" />

  </testsuite>
  <testsuite errors="0" failures="0" id="11" name="FDashedLineTests" package="tests.factorylabs.orange.core.display.graphics" skipped="0" tests="11" time="0.0">
      <testcase classname="tests.factorylabs.orange.core.display.graphics::FDashedLineTests" name="y" status="success" time="0.000" />

      <testcase classname="tests.factorylabs.orange.core.display.graphics::FDashedLineTests" name="endY" status="success" time="0.000" />

      <testcase classname="tests.factorylabs.orange.core.display.graphics::FDashedLineTests" name="fill" status="success" time="0.000" />

      <testcase classname="tests.factorylabs.orange.core.display.graphics::FDashedLineTests" name="autoRedraw" status="success" time="0.000" />

      <testcase classname="tests.factorylabs.orange.core.display.graphics::FDashedLineTests" name="setCenter" status="success" time="0.000" />

      <testcase classname="tests.factorylabs.orange.core.display.graphics::FDashedLineTests" name="setHeight" status="success" time="0.000" />

      <testcase classname="tests.factorylabs.orange.core.display.graphics::FDashedLineTests" name="x" status="success" time="0.000" />

      <testcase classname="tests.factorylabs.orange.core.display.graphics::FDashedLineTests" name="redraw" status="success" time="0.000" />

      <testcase classname="tests.factorylabs.orange.core.display.graphics::FDashedLineTests" name="setWidth" status="success" time="0.000" />

      <testcase classname="tests.factorylabs.orange.core.display.graphics::FDashedLineTests" name="gfx" status="success" time="0.000" />

      <testcase classname="tests.factorylabs.orange.core.display.graphics::FDashedLineTests" name="endX" status="success" time="0.000" />

  </testsuite>
  <testsuite errors="0" failures="0" id="12" name="FEllipseTests" package="tests.factorylabs.orange.core.display.graphics" skipped="0" tests="9" time="0.0">
      <testcase classname="tests.factorylabs.orange.core.display.graphics::FEllipseTests" name="y" status="success" time="0.000" />

      <testcase classname="tests.factorylabs.orange.core.display.graphics::FEllipseTests" name="height" status="success" time="0.000" />

      <testcase classname="tests.factorylabs.orange.core.display.graphics::FEllipseTests" name="fill" status="success" time="0.000" />

      <testcase classname="tests.factorylabs.orange.core.display.graphics::FEllipseTests" name="x" status="success" time="0.000" />

      <testcase classname="tests.factorylabs.orange.core.display.graphics::FEllipseTests" name="autoRedraw" status="success" time="0.000" />

      <testcase classname="tests.factorylabs.orange.core.display.graphics::FEllipseTests" name="center" status="success" time="0.000" />

      <testcase classname="tests.factorylabs.orange.core.display.graphics::FEllipseTests" name="redraw" status="success" time="0.000" />

      <testcase classname="tests.factorylabs.orange.core.display.graphics::FEllipseTests" name="gfx" status="success" time="0.000" />

      <testcase classname="tests.factorylabs.orange.core.display.graphics::FEllipseTests" name="width" status="success" time="0.000" />

  </testsuite>
  <testsuite errors="0" failures="0" id="13" name="FPolyFromPointsTests" package="tests.factorylabs.orange.core.display.graphics" skipped="0" tests="13" time="0.0">
      <testcase classname="tests.factorylabs.orange.core.display.graphics::FPolyFromPointsTests" name="x" status="success" time="0.000" />

      <testcase classname="tests.factorylabs.orange.core.display.graphics::FPolyFromPointsTests" name="setY" status="success" time="0.000" />

      <testcase classname="tests.factorylabs.orange.core.display.graphics::FPolyFromPointsTests" name="width" status="success" time="0.000" />

      <testcase classname="tests.factorylabs.orange.core.display.graphics::FPolyFromPointsTests" name="fill" status="success" time="0.000" />

      <testcase classname="tests.factorylabs.orange.core.display.graphics::FPolyFromPointsTests" name="autoRedraw" status="success" time="0.000" />

      <testcase classname="tests.factorylabs.orange.core.display.graphics::FPolyFromPointsTests" name="y" status="success" time="0.000" />

      <testcase classname="tests.factorylabs.orange.core.display.graphics::FPolyFromPointsTests" name="setHeight" status="success" time="0.000" />

      <testcase classname="tests.factorylabs.orange.core.display.graphics::FPolyFromPointsTests" name="gfx" status="success" time="0.000" />

      <testcase classname="tests.factorylabs.orange.core.display.graphics::FPolyFromPointsTests" name="points" status="success" time="0.000" />

      <testcase classname="tests.factorylabs.orange.core.display.graphics::FPolyFromPointsTests" name="setWidth" status="success" time="0.000" />

      <testcase classname="tests.factorylabs.orange.core.display.graphics::FPolyFromPointsTests" name="setX" status="success" time="0.000" />

      <testcase classname="tests.factorylabs.orange.core.display.graphics::FPolyFromPointsTests" name="height" status="success" time="0.000" />

      <testcase classname="tests.factorylabs.orange.core.display.graphics::FPolyFromPointsTests" name="redraw" status="success" time="0.000" />

  </testsuite>
  <testsuite errors="0" failures="0" id="14" name="FPolygonTests" package="tests.factorylabs.orange.core.display.graphics" skipped="0" tests="12" time="0.0">
      <testcase classname="tests.factorylabs.orange.core.display.graphics::FPolygonTests" name="angle" status="success" time="0.000" />

      <testcase classname="tests.factorylabs.orange.core.display.graphics::FPolygonTests" name="autoRedraw" status="success" time="0.000" />

      <testcase classname="tests.factorylabs.orange.core.display.graphics::FPolygonTests" name="width" status="success" time="0.000" />

      <testcase classname="tests.factorylabs.orange.core.display.graphics::FPolygonTests" name="fill" status="success" time="0.000" />

      <testcase classname="tests.factorylabs.orange.core.display.graphics::FPolygonTests" name="y" status="success" time="0.000" />

      <testcase classname="tests.factorylabs.orange.core.display.graphics::FPolygonTests" name="x" status="success" time="0.000" />

      <testcase classname="tests.factorylabs.orange.core.display.graphics::FPolygonTests" name="sides" status="success" time="0.000" />

      <testcase classname="tests.factorylabs.orange.core.display.graphics::FPolygonTests" name="gfx" status="success" time="0.000" />

      <testcase classname="tests.factorylabs.orange.core.display.graphics::FPolygonTests" name="redraw" status="success" time="0.000" />

      <testcase classname="tests.factorylabs.orange.core.display.graphics::FPolygonTests" name="center" status="success" time="0.000" />

      <testcase classname="tests.factorylabs.orange.core.display.graphics::FPolygonTests" name="height" status="success" time="0.000" />

      <testcase classname="tests.factorylabs.orange.core.display.graphics::FPolygonTests" name="radius" status="success" time="0.000" />

  </testsuite>
  <testsuite errors="0" failures="0" id="15" name="FRectCorneredComplexTests" package="tests.factorylabs.orange.core.display.graphics" skipped="0" tests="13" time="0.0">
      <testcase classname="tests.factorylabs.orange.core.display.graphics::FRectCorneredComplexTests" name="y" status="success" time="0.000" />

      <testcase classname="tests.factorylabs.orange.core.display.graphics::FRectCorneredComplexTests" name="height" status="success" time="0.000" />

      <testcase classname="tests.factorylabs.orange.core.display.graphics::FRectCorneredComplexTests" name="fill" status="success" time="0.000" />

      <testcase classname="tests.factorylabs.orange.core.display.graphics::FRectCorneredComplexTests" name="topLeft" status="success" time="0.000" />

      <testcase classname="tests.factorylabs.orange.core.display.graphics::FRectCorneredComplexTests" name="x" status="success" time="0.000" />

      <testcase classname="tests.factorylabs.orange.core.display.graphics::FRectCorneredComplexTests" name="bottomLeft" status="success" time="0.000" />

      <testcase classname="tests.factorylabs.orange.core.display.graphics::FRectCorneredComplexTests" name="autoRedraw" status="success" time="0.000" />

      <testcase classname="tests.factorylabs.orange.core.display.graphics::FRectCorneredComplexTests" name="topRight" status="success" time="0.000" />

      <testcase classname="tests.factorylabs.orange.core.display.graphics::FRectCorneredComplexTests" name="gfx" status="success" time="0.000" />

      <testcase classname="tests.factorylabs.orange.core.display.graphics::FRectCorneredComplexTests" name="bottomRight" status="success" time="0.000" />

      <testcase classname="tests.factorylabs.orange.core.display.graphics::FRectCorneredComplexTests" name="redraw" status="success" time="0.000" />

      <testcase classname="tests.factorylabs.orange.core.display.graphics::FRectCorneredComplexTests" name="center" status="success" time="0.000" />

      <testcase classname="tests.factorylabs.orange.core.display.graphics::FRectCorneredComplexTests" name="width" status="success" time="0.000" />

  </testsuite>
  <testsuite errors="0" failures="0" id="16" name="FRectCorneredTests" package="tests.factorylabs.orange.core.display.graphics" skipped="0" tests="14" time="0.0">
      <testcase classname="tests.factorylabs.orange.core.display.graphics::FRectCorneredTests" name="corner" status="success" time="0.000" />

      <testcase classname="tests.factorylabs.orange.core.display.graphics::FRectCorneredTests" name="bottomLeft" status="success" time="0.000" />

      <testcase classname="tests.factorylabs.orange.core.display.graphics::FRectCorneredTests" name="fill" status="success" time="0.000" />

      <testcase classname="tests.factorylabs.orange.core.display.graphics::FRectCorneredTests" name="topLeft" status="success" time="0.000" />

      <testcase classname="tests.factorylabs.orange.core.display.graphics::FRectCorneredTests" name="autoRedraw" status="success" time="0.000" />

      <testcase classname="tests.factorylabs.orange.core.display.graphics::FRectCorneredTests" name="x" status="success" time="0.000" />

      <testcase classname="tests.factorylabs.orange.core.display.graphics::FRectCorneredTests" name="height" status="success" time="0.000" />

      <testcase classname="tests.factorylabs.orange.core.display.graphics::FRectCorneredTests" name="topRight" status="success" time="0.000" />

      <testcase classname="tests.factorylabs.orange.core.display.graphics::FRectCorneredTests" name="y" status="success" time="0.000" />

      <testcase classname="tests.factorylabs.orange.core.display.graphics::FRectCorneredTests" name="gfx" status="success" time="0.000" />

      <testcase classname="tests.factorylabs.orange.core.display.graphics::FRectCorneredTests" name="bottomRight" status="success" time="0.000" />

      <testcase classname="tests.factorylabs.orange.core.display.graphics::FRectCorneredTests" name="redraw" status="success" time="0.000" />

      <testcase classname="tests.factorylabs.orange.core.display.graphics::FRectCorneredTests" name="center" status="success" time="0.000" />

      <testcase classname="tests.factorylabs.orange.core.display.graphics::FRectCorneredTests" name="width" status="success" time="0.000" />

  </testsuite>
  <testsuite errors="0" failures="0" id="17" name="FRectRoundComplexTests" package="tests.factorylabs.orange.core.display.graphics" skipped="0" tests="13" time="0.0">
      <testcase classname="tests.factorylabs.orange.core.display.graphics::FRectRoundComplexTests" name="y" status="success" time="0.000" />

      <testcase classname="tests.factorylabs.orange.core.display.graphics::FRectRoundComplexTests" name="height" status="success" time="0.000" />

      <testcase classname="tests.factorylabs.orange.core.display.graphics::FRectRoundComplexTests" name="fill" status="success" time="0.000" />

      <testcase classname="tests.factorylabs.orange.core.display.graphics::FRectRoundComplexTests" name="topLeft" status="success" time="0.000" />

      <testcase classname="tests.factorylabs.orange.core.display.graphics::FRectRoundComplexTests" name="x" status="success" time="0.000" />

      <testcase classname="tests.factorylabs.orange.core.display.graphics::FRectRoundComplexTests" name="bottomLeft" status="success" time="0.000" />

      <testcase classname="tests.factorylabs.orange.core.display.graphics::FRectRoundComplexTests" name="autoRedraw" status="success" time="0.000" />

      <testcase classname="tests.factorylabs.orange.core.display.graphics::FRectRoundComplexTests" name="topRight" status="success" time="0.000" />

      <testcase classname="tests.factorylabs.orange.core.display.graphics::FRectRoundComplexTests" name="gfx" status="success" time="0.000" />

      <testcase classname="tests.factorylabs.orange.core.display.graphics::FRectRoundComplexTests" name="bottomRight" status="success" time="0.000" />

      <testcase classname="tests.factorylabs.orange.core.display.graphics::FRectRoundComplexTests" name="redraw" status="success" time="0.000" />

      <testcase classname="tests.factorylabs.orange.core.display.graphics::FRectRoundComplexTests" name="center" status="success" time="0.000" />

      <testcase classname="tests.factorylabs.orange.core.display.graphics::FRectRoundComplexTests" name="width" status="success" time="0.000" />

  </testsuite>
  <testsuite errors="0" failures="0" id="18" name="FRectRoundTests" package="tests.factorylabs.orange.core.display.graphics" skipped="0" tests="11" time="0.0">
      <testcase classname="tests.factorylabs.orange.core.display.graphics::FRectRoundTests" name="y" status="success" time="0.000" />

      <testcase classname="tests.factorylabs.orange.core.display.graphics::FRectRoundTests" name="height" status="success" time="0.000" />

      <testcase classname="tests.factorylabs.orange.core.display.graphics::FRectRoundTests" name="fill" status="success" time="0.000" />

      <testcase classname="tests.factorylabs.orange.core.display.graphics::FRectRoundTests" name="redraw" status="success" time="0.000" />

      <testcase classname="tests.factorylabs.orange.core.display.graphics::FRectRoundTests" name="x" status="success" time="0.000" />

      <testcase classname="tests.factorylabs.orange.core.display.graphics::FRectRoundTests" name="autoRedraw" status="success" time="0.000" />

      <testcase classname="tests.factorylabs.orange.core.display.graphics::FRectRoundTests" name="cornerHeight" status="success" time="0.000" />

      <testcase classname="tests.factorylabs.orange.core.display.graphics::FRectRoundTests" name="cornerWidth" status="success" time="0.000" />

      <testcase classname="tests.factorylabs.orange.core.display.graphics::FRectRoundTests" name="gfx" status="success" time="0.000" />

      <testcase classname="tests.factorylabs.orange.core.display.graphics::FRectRoundTests" name="center" status="success" time="0.000" />

      <testcase classname="tests.factorylabs.orange.core.display.graphics::FRectRoundTests" name="width" status="success" time="0.000" />

  </testsuite>
  <testsuite errors="0" failures="0" id="19" name="FRectangleTests" package="tests.factorylabs.orange.core.display.graphics" skipped="0" tests="9" time="0.0">
      <testcase classname="tests.factorylabs.orange.core.display.graphics::FRectangleTests" name="x" status="success" time="0.000" />

      <testcase classname="tests.factorylabs.orange.core.display.graphics::FRectangleTests" name="height" status="success" time="0.000" />

      <testcase classname="tests.factorylabs.orange.core.display.graphics::FRectangleTests" name="fill" status="success" time="0.000" />

      <testcase classname="tests.factorylabs.orange.core.display.graphics::FRectangleTests" name="redraw" status="success" time="0.000" />

      <testcase classname="tests.factorylabs.orange.core.display.graphics::FRectangleTests" name="autoRedraw" status="success" time="0.000" />

      <testcase classname="tests.factorylabs.orange.core.display.graphics::FRectangleTests" name="y" status="success" time="0.000" />

      <testcase classname="tests.factorylabs.orange.core.display.graphics::FRectangleTests" name="gfx" status="success" time="0.000" />

      <testcase classname="tests.factorylabs.orange.core.display.graphics::FRectangleTests" name="center" status="success" time="0.000" />

      <testcase classname="tests.factorylabs.orange.core.display.graphics::FRectangleTests" name="width" status="success" time="0.000" />

  </testsuite>
  <testsuite errors="0" failures="0" id="20" name="FSquareTests" package="tests.factorylabs.orange.core.display.graphics" skipped="0" tests="10" time="0.0">
      <testcase classname="tests.factorylabs.orange.core.display.graphics::FSquareTests" name="height" status="success" time="0.000" />

      <testcase classname="tests.factorylabs.orange.core.display.graphics::FSquareTests" name="width" status="success" time="0.000" />

      <testcase classname="tests.factorylabs.orange.core.display.graphics::FSquareTests" name="fill" status="success" time="0.000" />

      <testcase classname="tests.factorylabs.orange.core.display.graphics::FSquareTests" name="redraw" status="success" time="0.000" />

      <testcase classname="tests.factorylabs.orange.core.display.graphics::FSquareTests" name="x" status="success" time="0.000" />

      <testcase classname="tests.factorylabs.orange.core.display.graphics::FSquareTests" name="autoRedraw" status="success" time="0.000" />

      <testcase classname="tests.factorylabs.orange.core.display.graphics::FSquareTests" name="y" status="success" time="0.000" />

      <testcase classname="tests.factorylabs.orange.core.display.graphics::FSquareTests" name="gfx" status="success" time="0.000" />

      <testcase classname="tests.factorylabs.orange.core.display.graphics::FSquareTests" name="center" status="success" time="0.000" />

      <testcase classname="tests.factorylabs.orange.core.display.graphics::FSquareTests" name="size" status="success" time="0.000" />

  </testsuite>
  <testsuite errors="0" failures="0" id="21" name="FWedgeTests" package="tests.factorylabs.orange.core.display.graphics" skipped="0" tests="12" time="0.0">
      <testcase classname="tests.factorylabs.orange.core.display.graphics::FWedgeTests" name="y" status="success" time="0.000" />

      <testcase classname="tests.factorylabs.orange.core.display.graphics::FWedgeTests" name="width" status="success" time="0.000" />

      <testcase classname="tests.factorylabs.orange.core.display.graphics::FWedgeTests" name="fill" status="success" time="0.000" />

      <testcase classname="tests.factorylabs.orange.core.display.graphics::FWedgeTests" name="autoRedraw" status="success" time="0.000" />

      <testcase classname="tests.factorylabs.orange.core.display.graphics::FWedgeTests" name="x" status="success" time="0.000" />

      <testcase classname="tests.factorylabs.orange.core.display.graphics::FWedgeTests" name="height" status="success" time="0.000" />

      <testcase classname="tests.factorylabs.orange.core.display.graphics::FWedgeTests" name="arc" status="success" time="0.000" />

      <testcase classname="tests.factorylabs.orange.core.display.graphics::FWedgeTests" name="direction" status="success" time="0.000" />

      <testcase classname="tests.factorylabs.orange.core.display.graphics::FWedgeTests" name="gfx" status="success" time="0.000" />

      <testcase classname="tests.factorylabs.orange.core.display.graphics::FWedgeTests" name="size" status="success" time="0.000" />

      <testcase classname="tests.factorylabs.orange.core.display.graphics::FWedgeTests" name="startAngle" status="success" time="0.000" />

      <testcase classname="tests.factorylabs.orange.core.display.graphics::FWedgeTests" name="redraw" status="success" time="0.000" />

  </testsuite>
  <testsuite errors="0" failures="0" id="22" name="GraphicTests" package="tests.factorylabs.orange.core.display.graphics" skipped="0" tests="9" time="0.0">
      <testcase classname="tests.factorylabs.orange.core.display.graphics::GraphicTests" name="x" status="success" time="0.000" />

      <testcase classname="tests.factorylabs.orange.core.display.graphics::GraphicTests" name="height" status="success" time="0.000" />

      <testcase classname="tests.factorylabs.orange.core.display.graphics::GraphicTests" name="fill" status="success" time="0.000" />

      <testcase classname="tests.factorylabs.orange.core.display.graphics::GraphicTests" name="redraw" status="success" time="0.000" />

      <testcase classname="tests.factorylabs.orange.core.display.graphics::GraphicTests" name="autoRedraw" status="success" time="0.000" />

      <testcase classname="tests.factorylabs.orange.core.display.graphics::GraphicTests" name="y" status="success" time="0.000" />

      <testcase classname="tests.factorylabs.orange.core.display.graphics::GraphicTests" name="gfx" status="success" time="0.000" />

      <testcase classname="tests.factorylabs.orange.core.display.graphics::GraphicTests" name="center" status="success" time="0.000" />

      <testcase classname="tests.factorylabs.orange.core.display.graphics::GraphicTests" name="width" status="success" time="0.000" />

  </testsuite>
  <testsuite errors="0" failures="0" id="23" name="IllegalSetPropertiesErrorTests" package="tests.factorylabs.orange.core.errors" skipped="0" tests="1" time="0.0">
      <testcase classname="tests.factorylabs.orange.core.errors::IllegalSetPropertiesErrorTests" name="throwIllegalDisplayInitParamError" status="success" time="0.000" />

  </testsuite>
  <testsuite errors="0" failures="0" id="24" name="JanitorManagerTests" package="tests.factorylabs.orange.core.gc" skipped="0" tests="4" time="0.0">
      <testcase classname="tests.factorylabs.orange.core.gc::JanitorManagerTests" name="cleanUp" status="success" time="0.000" />

      <testcase classname="tests.factorylabs.orange.core.gc::JanitorManagerTests" name="removeJanitor" status="success" time="0.000" />

      <testcase classname="tests.factorylabs.orange.core.gc::JanitorManagerTests" name="addJanitor" status="success" time="0.000" />

      <testcase classname="tests.factorylabs.orange.core.gc::JanitorManagerTests" name="cleanUpJanitor" status="success" time="0.000" />

  </testsuite>
  <testsuite errors="0" failures="0" id="25" name="JanitorSoundChannelTests" package="tests.factorylabs.orange.core.gc" skipped="0" tests="3" time="0.0">
      <testcase classname="tests.factorylabs.orange.core.gc::JanitorSoundChannelTests" name="removeSoundChannel" status="success" time="0.000" />

      <testcase classname="tests.factorylabs.orange.core.gc::JanitorSoundChannelTests" name="cleanUpSoundChannels" status="success" time="0.000" />

      <testcase classname="tests.factorylabs.orange.core.gc::JanitorSoundChannelTests" name="addSoundChannel" status="success" time="0.000" />

  </testsuite>
  <testsuite errors="0" failures="0" id="26" name="JanitorTests" package="tests.factorylabs.orange.core.gc" skipped="0" tests="17" time="0.0">
      <testcase classname="tests.factorylabs.orange.core.gc::JanitorTests" name="cleanUpDisposables" status="success" time="0.000" />

      <testcase classname="tests.factorylabs.orange.core.gc::JanitorTests" name="cleanUpDisposable" status="success" time="0.000" />

      <testcase classname="tests.factorylabs.orange.core.gc::JanitorTests" name="removeConnection" status="success" time="0.000" />

      <testcase classname="tests.factorylabs.orange.core.gc::JanitorTests" name="removeTimer" status="success" time="0.000" />

      <testcase classname="tests.factorylabs.orange.core.gc::JanitorTests" name="cleanUpEventListeners" status="success" time="0.000" />

      <testcase classname="tests.factorylabs.orange.core.gc::JanitorTests" name="removeEventListener" status="success" time="0.000" />

      <testcase classname="tests.factorylabs.orange.core.gc::JanitorTests" name="addTimer" status="success" time="0.000" />

      <testcase classname="tests.factorylabs.orange.core.gc::JanitorTests" name="addEventListener" status="success" time="0.000" />

      <testcase classname="tests.factorylabs.orange.core.gc::JanitorTests" name="cleanUpTimers" status="success" time="0.000" />

      <testcase classname="tests.factorylabs.orange.core.gc::JanitorTests" name="removeDisposable" status="success" time="0.000" />

      <testcase classname="tests.factorylabs.orange.core.gc::JanitorTests" name="recurseCleanChildren" status="success" time="0.000" />

      <testcase classname="tests.factorylabs.orange.core.gc::JanitorTests" name="addConnection" status="success" time="0.000" />

      <testcase classname="tests.factorylabs.orange.core.gc::JanitorTests" name="cleanUpConnections" status="success" time="0.000" />

      <testcase classname="tests.factorylabs.orange.core.gc::JanitorTests" name="addDisposable" status="success" time="0.000" />

      <testcase classname="tests.factorylabs.orange.core.gc::JanitorTests" name="addDisposables" status="success" time="0.000" />

      <testcase classname="tests.factorylabs.orange.core.gc::JanitorTests" name="cleanUpTimer" status="success" time="0.000" />

      <testcase classname="tests.factorylabs.orange.core.gc::JanitorTests" name="cleanUpChildren" status="success" time="0.000" />

  </testsuite>
  <testsuite errors="0" failures="0" id="27" name="WeakReferenceTests" package="tests.factorylabs.orange.core.gc" skipped="0" tests="1" time="0.0">
      <testcase classname="tests.factorylabs.orange.core.gc::WeakReferenceTests" name="get" status="success" time="0.000" />

  </testsuite>
  <testsuite errors="0" failures="0" id="28" name="LoggerEventTests" package="tests.factorylabs.orange.core.logging" skipped="0" tests="5" time="0.0">
      <testcase classname="tests.factorylabs.orange.core.logging::LoggerEventTests" name="name" status="success" time="0.000" />

      <testcase classname="tests.factorylabs.orange.core.logging::LoggerEventTests" name="message" status="success" time="0.000" />

      <testcase classname="tests.factorylabs.orange.core.logging::LoggerEventTests" name="object" status="success" time="0.000" />

      <testcase classname="tests.factorylabs.orange.core.logging::LoggerEventTests" name="level" status="success" time="0.000" />

      <testcase classname="tests.factorylabs.orange.core.logging::LoggerEventTests" name="clone" status="success" time="0.000" />

  </testsuite>
  <testsuite errors="0" failures="0" id="29" name="LoggerTests" package="tests.factorylabs.orange.core.logging" skipped="0" tests="10" time="0.0">
      <testcase classname="tests.factorylabs.orange.core.logging::LoggerTests" name="fatal" status="success" time="0.000" />

      <testcase classname="tests.factorylabs.orange.core.logging::LoggerTests" name="isSilent" status="success" time="0.000" />

      <testcase classname="tests.factorylabs.orange.core.logging::LoggerTests" name="log" status="success" time="0.000" />

      <testcase classname="tests.factorylabs.orange.core.logging::LoggerTests" name="error" status="success" time="0.000" />

      <testcase classname="tests.factorylabs.orange.core.logging::LoggerTests" name="trace" status="success" time="0.000" />

      <testcase classname="tests.factorylabs.orange.core.logging::LoggerTests" name="warn" status="success" time="0.000" />

      <testcase classname="tests.factorylabs.orange.core.logging::LoggerTests" name="name" status="success" time="0.000" />

      <testcase classname="tests.factorylabs.orange.core.logging::LoggerTests" name="info" status="success" time="0.000" />

      <testcase classname="tests.factorylabs.orange.core.logging::LoggerTests" name="debug" status="success" time="0.000" />

      <testcase classname="tests.factorylabs.orange.core.logging::LoggerTests" name="core" status="success" time="0.000" />

  </testsuite>
  <testsuite errors="0" failures="0" id="30" name="MathMethodsTests" package="tests.factorylabs.orange.core.math" skipped="0" tests="11" time="0.0">
      <testcase classname="tests.factorylabs.orange.core.math::MathMethodsTests" name="randRangeDecimal" status="success" time="0.000" />

      <testcase classname="tests.factorylabs.orange.core.math::MathMethodsTests" name="sums" status="success" time="0.000" />

      <testcase classname="tests.factorylabs.orange.core.math::MathMethodsTests" name="randRange" status="success" time="0.000" />

      <testcase classname="tests.factorylabs.orange.core.math::MathMethodsTests" name="remap" status="success" time="0.000" />

      <testcase classname="tests.factorylabs.orange.core.math::MathMethodsTests" name="getPercentWithinRange" status="success" time="0.000" />

      <testcase classname="tests.factorylabs.orange.core.math::MathMethodsTests" name="percentToDegrees" status="success" time="0.000" />

      <testcase classname="tests.factorylabs.orange.core.math::MathMethodsTests" name="radiansToDegress" status="success" time="0.000" />

      <testcase classname="tests.factorylabs.orange.core.math::MathMethodsTests" name="average" status="success" time="0.000" />

      <testcase classname="tests.factorylabs.orange.core.math::MathMethodsTests" name="interp" status="success" time="0.000" />

      <testcase classname="tests.factorylabs.orange.core.math::MathMethodsTests" name="degreesToRadians" status="success" time="0.000" />

      <testcase classname="tests.factorylabs.orange.core.math::MathMethodsTests" name="degreesToPercent" status="success" time="0.000" />

  </testsuite>
  <testsuite errors="0" failures="0" id="31" name="PhysicsMethodsTests" package="tests.factorylabs.orange.core.math" skipped="0" tests="3" time="0.0">
      <testcase classname="tests.factorylabs.orange.core.math::PhysicsMethodsTests" name="getAngleToTarget" status="success" time="0.000" />

      <testcase classname="tests.factorylabs.orange.core.math::PhysicsMethodsTests" name="getHypotenuse" status="success" time="0.000" />

      <testcase classname="tests.factorylabs.orange.core.math::PhysicsMethodsTests" name="constrainAngle" status="success" time="0.000" />

  </testsuite>
  <testsuite errors="0" failures="0" id="32" name="ArrayMethodsTests" package="tests.factorylabs.orange.core.utils" skipped="0" tests="7" time="0.0">
      <testcase classname="tests.factorylabs.orange.core.utils::ArrayMethodsTests" name="remove" status="success" time="0.000" />

      <testcase classname="tests.factorylabs.orange.core.utils::ArrayMethodsTests" name="clone" status="success" time="0.000" />

      <testcase classname="tests.factorylabs.orange.core.utils::ArrayMethodsTests" name="random" status="success" time="0.000" />

      <testcase classname="tests.factorylabs.orange.core.utils::ArrayMethodsTests" name="shuffle" status="success" time="0.000" />

      <testcase classname="tests.factorylabs.orange.core.utils::ArrayMethodsTests" name="loop" status="success" time="0.000" />

      <testcase classname="tests.factorylabs.orange.core.utils::ArrayMethodsTests" name="search" status="success" time="0.000" />

      <testcase classname="tests.factorylabs.orange.core.utils::ArrayMethodsTests" name="contains" status="success" time="0.000" />

  </testsuite>
  <testsuite errors="0" failures="0" id="33" name="ColorMethodsTests" package="tests.factorylabs.orange.core.utils" skipped="0" tests="6" time="0.0">
      <testcase classname="tests.factorylabs.orange.core.utils::ColorMethodsTests" name="hexToARGB" status="success" time="0.000" />

      <testcase classname="tests.factorylabs.orange.core.utils::ColorMethodsTests" name="hexToRGB" status="success" time="0.000" />

      <testcase classname="tests.factorylabs.orange.core.utils::ColorMethodsTests" name="flashColorNumberToHexString" status="success" time="0.000" />

      <testcase classname="tests.factorylabs.orange.core.utils::ColorMethodsTests" name="rgbToHex" status="success" time="0.000" />

      <testcase classname="tests.factorylabs.orange.core.utils::ColorMethodsTests" name="hexToFlashColorNumber" status="success" time="0.000" />

      <testcase classname="tests.factorylabs.orange.core.utils::ColorMethodsTests" name="argbToHex" status="success" time="0.000" />

  </testsuite>
  <testsuite errors="0" failures="0" id="34" name="ConvertTests" package="tests.factorylabs.orange.core.utils" skipped="0" tests="3" time="0.0">
      <testcase classname="tests.factorylabs.orange.core.utils::ConvertTests" name="toBoolean" status="success" time="0.000" />

      <testcase classname="tests.factorylabs.orange.core.utils::ConvertTests" name="toBooleanShouldFail" status="success" time="0.000" />

      <testcase classname="tests.factorylabs.orange.core.utils::ConvertTests" name="convertTime" status="success" time="0.000" />

  </testsuite>
  <testsuite errors="0" failures="0" id="35" name="LocaleTests" package="tests.factorylabs.orange.core.utils" skipped="0" tests="4" time="0.0">
      <testcase classname="tests.factorylabs.orange.core.utils::LocaleTests" name="variant" status="success" time="0.000" />

      <testcase classname="tests.factorylabs.orange.core.utils::LocaleTests" name="languageVariant" status="success" time="0.000" />

      <testcase classname="tests.factorylabs.orange.core.utils::LocaleTests" name="reset" status="success" time="0.000" />

      <testcase classname="tests.factorylabs.orange.core.utils::LocaleTests" name="language" status="success" time="0.000" />

  </testsuite>
  <testsuite errors="0" failures="0" id="36" name="StringMethodsTests" package="tests.factorylabs.orange.core.utils" skipped="3" tests="32" time="0.0">
      <testcase classname="tests.factorylabs.orange.core.utils::StringMethodsTests" name="endsWith" status="success" time="0.000" />

      <testcase classname="tests.factorylabs.orange.core.utils::StringMethodsTests" name="beforeFirst" status="success" time="0.000" />

      <testcase classname="tests.factorylabs.orange.core.utils::StringMethodsTests" name="contains" status="success" time="0.000" />

      <testcase classname="tests.factorylabs.orange.core.utils::StringMethodsTests" name="stripTags" status="success" time="0.000" />

      <testcase classname="tests.factorylabs.orange.core.utils::StringMethodsTests" name="reverse" status="success" time="0.000" />

      <testcase classname="tests.factorylabs.orange.core.utils::StringMethodsTests" name="trimLeft" status="success" time="0.000" />

      <testcase classname="tests.factorylabs.orange.core.utils::StringMethodsTests" name="swapCase" status="success" time="0.000" />

      <testcase classname="tests.factorylabs.orange.core.utils::StringMethodsTests" name="beforeLast" status="success" time="0.000" />

      <testcase classname="tests.factorylabs.orange.core.utils::StringMethodsTests" name="truncate" status="ignore" time="0.000">
          <skipped />

      </testcase>

      <testcase classname="tests.factorylabs.orange.core.utils::StringMethodsTests" name="quote" status="success" time="0.000" />

      <testcase classname="tests.factorylabs.orange.core.utils::StringMethodsTests" name="capitalize" status="success" time="0.000" />

      <testcase classname="tests.factorylabs.orange.core.utils::StringMethodsTests" name="removeExtraWhitespace" status="success" time="0.000" />

      <testcase classname="tests.factorylabs.orange.core.utils::StringMethodsTests" name="padLeft" status="ignore" time="0.000">
          <skipped />

      </testcase>

      <testcase classname="tests.factorylabs.orange.core.utils::StringMethodsTests" name="block" status="success" time="0.000" />

      <testcase classname="tests.factorylabs.orange.core.utils::StringMethodsTests" name="trimRight" status="success" time="0.000" />

      <testcase classname="tests.factorylabs.orange.core.utils::StringMethodsTests" name="isEmpty" status="success" time="0.000" />

      <testcase classname="tests.factorylabs.orange.core.utils::StringMethodsTests" name="beginsWith" status="success" time="0.000" />

      <testcase classname="tests.factorylabs.orange.core.utils::StringMethodsTests" name="afterLast" status="success" time="0.000" />

      <testcase classname="tests.factorylabs.orange.core.utils::StringMethodsTests" name="countOf" status="success" time="0.000" />

      <testcase classname="tests.factorylabs.orange.core.utils::StringMethodsTests" name="between" status="success" time="0.000" />

      <testcase classname="tests.factorylabs.orange.core.utils::StringMethodsTests" name="properCase" status="success" time="0.000" />

      <testcase classname="tests.factorylabs.orange.core.utils::StringMethodsTests" name="editDistance" status="success" time="0.000" />

      <testcase classname="tests.factorylabs.orange.core.utils::StringMethodsTests" name="remove" status="success" time="0.000" />

      <testcase classname="tests.factorylabs.orange.core.utils::StringMethodsTests" name="reverseWords" status="success" time="0.000" />

      <testcase classname="tests.factorylabs.orange.core.utils::StringMethodsTests" name="wordCount" status="success" time="0.000" />

      <testcase classname="tests.factorylabs.orange.core.utils::StringMethodsTests" name="padRight" status="ignore" time="0.000">
          <skipped />

      </testcase>

      <testcase classname="tests.factorylabs.orange.core.utils::StringMethodsTests" name="isNumeric" status="success" time="0.000" />

      <testcase classname="tests.factorylabs.orange.core.utils::StringMethodsTests" name="formatNumber" status="success" time="0.000" />

      <testcase classname="tests.factorylabs.orange.core.utils::StringMethodsTests" name="trim" status="success" time="0.000" />

      <testcase classname="tests.factorylabs.orange.core.utils::StringMethodsTests" name="hasText" status="success" time="0.000" />

      <testcase classname="tests.factorylabs.orange.core.utils::StringMethodsTests" name="afterFirst" status="success" time="0.000" />

      <testcase classname="tests.factorylabs.orange.core.utils::StringMethodsTests" name="similarity" status="success" time="0.000" />

  </testsuite>
  <testsuite errors="0" failures="0" id="37" name="ValidateMethodsTests" package="tests.factorylabs.orange.core.utils" skipped="0" tests="5" time="0.0">
      <testcase classname="tests.factorylabs.orange.core.utils::ValidateMethodsTests" name="isValidCanPostal" status="success" time="0.000" />

      <testcase classname="tests.factorylabs.orange.core.utils::ValidateMethodsTests" name="isValidAreaCode" status="success" time="0.000" />

      <testcase classname="tests.factorylabs.orange.core.utils::ValidateMethodsTests" name="isValidUSZip" status="success" time="0.000" />

      <testcase classname="tests.factorylabs.orange.core.utils::ValidateMethodsTests" name="isValidPhoneNumber" status="success" time="0.000" />

      <testcase classname="tests.factorylabs.orange.core.utils::ValidateMethodsTests" name="isValidEmail" status="success" time="0.000" />

  </testsuite>
</testsuites>
